<?xml version="1.0" encoding="UTF-8"?>
<testng-results ignored="0" total="2" passed="2" failed="0" skipped="0">
  <reporter-output>
  </reporter-output>
  <suite started-at="2026-01-27T18:58:41 IST" name="Default suite" finished-at="2026-01-27T18:58:47 IST" duration-ms="5361">
    <groups>
    </groups>
    <test started-at="2026-01-27T18:58:41 IST" name="Default test" finished-at="2026-01-27T18:58:47 IST" duration-ms="5361">
      <class name="serializationdeserilization.WithSerializationAndDesirilizationInJson">
        <test-method signature="getUserDetails()[pri:0, instance:serializationdeserilization.WithSerializationAndDesirilizationInJson@4135c3b]" started-at="2026-01-27T18:58:41 IST" name="getUserDetails" finished-at="2026-01-27T18:58:46 IST" duration-ms="4482" status="PASS">
          <reporter-output>
          </reporter-output>
        </test-method> <!-- getUserDetails -->
        <test-method signature="postUserDetails()[pri:0, instance:serializationdeserilization.WithSerializationAndDesirilizationInJson@4135c3b]" started-at="2026-01-27T18:58:46 IST" name="postUserDetails" finished-at="2026-01-27T18:58:47 IST" duration-ms="818" status="PASS">
          <reporter-output>
          </reporter-output>
        </test-method> <!-- postUserDetails -->
      </class> <!-- serializationdeserilization.WithSerializationAndDesirilizationInJson -->
    </test> <!-- Default test -->
  </suite> <!-- Default suite -->
</testng-results>
