<?xml version="1.0" encoding="UTF-8"?>
<!-- Generated by org.testng.reporters.JUnitReportReporter -->
<testsuite hostname="DESKTOP-362CTOA" failures="0" tests="2" name="serializationdeserilization.WithSerializationAndDesirilizationInJson" time="5.300" errors="0" timestamp="2026-01-27T18:58:47 IST" skipped="0">
  <testcase classname="serializationdeserilization.WithSerializationAndDesirilizationInJson" name="getUserDetails" time="4.482"/>
  <testcase classname="serializationdeserilization.WithSerializationAndDesirilizationInJson" name="postUserDetails" time="0.818"/>
</testsuite> <!-- serializationdeserilization.WithSerializationAndDesirilizationInJson -->
