<?xml version="1.0" encoding="UTF-8"?>
<!-- Generated by org.testng.reporters.JUnitReportReporter -->
<testsuite hostname="DESKTOP-362CTOA" failures="0" tests="2" name="serializationdeserilization.WithSerializationAndDesirilization" time="5.591" errors="0" timestamp="2026-01-27T18:57:17 IST" skipped="0">
  <testcase classname="serializationdeserilization.WithSerializationAndDesirilization" name="getUserDetails" time="3.354"/>
  <testcase classname="serializationdeserilization.WithSerializationAndDesirilization" name="postUserDetails" time="2.237"/>
</testsuite> <!-- serializationdeserilization.WithSerializationAndDesirilization -->
