<?xml version="1.0" encoding="UTF-8"?>
<!-- Generated by org.testng.reporters.JUnitReportReporter -->
<testsuite hostname="DESKTOP-362CTOA" failures="0" tests="5" name="restAssuredTest.Demo6_BasicValidation_XML" time="12.347" errors="0" timestamp="2026-01-27T13:14:50 IST" skipped="0">
  <testcase classname="restAssuredTest.Demo6_BasicValidation_XML" name="testSingleContent" time="4.759"/>
  <testcase classname="restAssuredTest.Demo6_BasicValidation_XML" name="testMultipleContent" time="1.442"/>
  <testcase classname="restAssuredTest.Demo6_BasicValidation_XML" name="testMultipleContentsInOneGo" time="3.599"/>
  <testcase classname="restAssuredTest.Demo6_BasicValidation_XML" name="testUsingXpath1" time="1.349"/>
  <testcase classname="restAssuredTest.Demo6_BasicValidation_XML" name="testUsingXpath2" time="1.198"/>
</testsuite> <!-- restAssuredTest.Demo6_BasicValidation_XML -->
