<?xml version="1.0" encoding="UTF-8"?>
<!-- Generated by org.testng.reporters.JUnitReportReporter -->
<testsuite hostname="DESKTOP-362CTOA" failures="0" tests="5" name="restAssuredTest.Demo5_BasicValidation_Json" time="9.252" errors="0" timestamp="2026-01-27T12:46:32 IST" skipped="0">
  <testcase classname="restAssuredTest.Demo5_BasicValidation_Json" name="testStatusCode" time="4.558"/>
  <testcase classname="restAssuredTest.Demo5_BasicValidation_Json" name="testLogResponse" time="0.827"/>
  <testcase classname="restAssuredTest.Demo5_BasicValidation_Json" name="singleContentResponseBody" time="1.571"/>
  <testcase classname="restAssuredTest.Demo5_BasicValidation_Json" name="multiContentResponseBody" time="1.628"/>
  <testcase classname="restAssuredTest.Demo5_BasicValidation_Json" name="testParamsAndHeaders" time="0.668"/>
</testsuite> <!-- restAssuredTest.Demo5_BasicValidation_Json -->
